<?xml version="1.0" encoding="UTF-8"?>
<!-- Generated by org.testng.reporters.JUnitXMLReporter -->
<testsuite ignored="0" hostname="LAPTOP-DOHQRCCL" failures="2" tests="2" name="Test" time="7.13" errors="0" timestamp="02 Jan 2024 03:43:52 GMT">
  <testcase classname="listener.FBTEst" name="login" time="7.069">
    <failure type="java.lang.AssertionError" message="expected [Log in to Facebook] but found [FB-error]">
      <![CDATA[java.lang.AssertionError: expected [Log in to Facebook] but found [FB-error]
at listener.FBTEst.login(FBTEst.java:31)
... Removed 31 stack frames]]>
    </failure>
  </testcase> <!-- login -->
  <testcase classname="listener.FBTEst" name="login" time="7.111">
    <failure type="java.lang.NullPointerException" message="Cannot invoke &amp;quot;org.openqa.selenium.TakesScreenshot.getScreenshotAs(org.openqa.selenium.OutputType)&amp;quot; because &amp;quot;screenshot&amp;quot; is null">
      <![CDATA[java.lang.NullPointerException: Cannot invoke "org.openqa.selenium.TakesScreenshot.getScreenshotAs(org.openqa.selenium.OutputType)" because "screenshot" is null
at util.ScreenShotTaker.getScreenShot(ScreenShotTaker.java:17)
at listener.FBTestListener.onTestFailure(FBTestListener.java:25)
... Removed 22 stack frames]]>
    </failure>
  </testcase> <!-- login -->
</testsuite> <!-- Test -->
