<?xml version="1.0" encoding="UTF-8"?>
<!-- Generated by org.testng.reporters.JUnitXMLReporter -->
<testsuite ignored="4" hostname="LAPTOP-DOHQRCCL" failures="0" tests="2" name="Test2" time="0.005" errors="0" timestamp="19 Dec 2023 03:32:31 GMT">
  <testcase classname="com.Account" name="savingAccount" time="0.0"/>
  <testcase classname="com.Payment" name="cod" time="0.001"/>
  <testcase classname="com.Payment" name="creditCard" time="0.0">
    <ignored/>
  </testcase> <!-- creditCard -->
  <testcase classname="com.Account" name="currentAccount" time="0.0">
    <ignored/>
  </testcase> <!-- currentAccount -->
  <testcase classname="com.Payment" name="debitCard" time="0.0">
    <ignored/>
  </testcase> <!-- debitCard -->
  <testcase classname="com.Account" name="loanAccount" time="0.0">
    <ignored/>
  </testcase> <!-- loanAccount -->
</testsuite> <!-- Test2 -->
